<?xml version="1.0" encoding="UTF-8"?>
<!-- Generated by org.testng.reporters.JUnitReportReporter -->
<testsuite hostname="AFZAL" failures="0" tests="1" name="testCases.TC002_LoginTest" time="1.474" errors="0" timestamp="2024-09-08T00:39:49 IST" skipped="0">
  <testcase classname="testCases.TC002_LoginTest" name="loginTest" time="1.474"/>
</testsuite> <!-- testCases.TC002_LoginTest -->
