<?xml version="1.0" encoding="UTF-8"?>
<!-- Generated by org.testng.reporters.JUnitReportReporter -->
<testsuite hostname="AFZAL" failures="0" tests="1" name="testBase.TC001_UserRegistration" time="1.931" errors="0" timestamp="2024-08-21T00:05:41 IST" skipped="0">
  <testcase classname="testBase.TC001_UserRegistration" name="TestRegistration" time="1.931"/>
</testsuite> <!-- testBase.TC001_UserRegistration -->
