<?xml version="1.0" encoding="UTF-8"?>
<!-- Generated by org.testng.reporters.JUnitReportReporter -->
<testsuite hostname="AFZAL" failures="0" tests="1" name="testCases.TC004_SearchTest" time="0.828" errors="0" timestamp="2024-09-12T17:59:17 IST" skipped="0">
  <testcase classname="testCases.TC004_SearchTest" name="searchTest" time="0.828"/>
</testsuite> <!-- testCases.TC004_SearchTest -->
