<?xml version="1.0" encoding="UTF-8"?>
<!-- Generated by org.testng.reporters.JUnitReportReporter -->
<testsuite hostname="AFZAL" failures="0" tests="1" name="testCases.TC001_UserRegistration" time="2.231" errors="0" timestamp="2024-09-12T17:59:17 IST" skipped="0">
  <testcase classname="testCases.TC001_UserRegistration" name="TestRegistration" time="2.231"/>
</testsuite> <!-- testCases.TC001_UserRegistration -->
